{"total": {"lines":{"total":5891,"covered":4236,"skipped":0,"pct":71.9},"statements":{"total":5891,"covered":4236,"skipped":0,"pct":71.9},"functions":{"total":295,"covered":219,"skipped":0,"pct":74.23},"branches":{"total":1187,"covered":918,"skipped":0,"pct":77.33},"branchesTrue":{"total":0,"covered":0,"skipped":0,"pct":100}}
,"/Users/sergio.sousa/Projects/person/tabletop-rpg/rolai/apps/web/src/App.tsx": {"lines":{"total":475,"covered":299,"skipped":0,"pct":62.94},"functions":{"total":13,"covered":6,"skipped":0,"pct":46.15},"statements":{"total":475,"covered":299,"skipped":0,"pct":62.94},"branches":{"total":66,"covered":42,"skipped":0,"pct":63.63}}
,"/Users/sergio.sousa/Projects/person/tabletop-rpg/rolai/apps/web/src/StreamApp.tsx": {"lines":{"total":226,"covered":179,"skipped":0,"pct":79.2},"functions":{"total":5,"covered":4,"skipped":0,"pct":80},"statements":{"total":226,"covered":179,"skipped":0,"pct":79.2},"branches":{"total":55,"covered":39,"skipped":0,"pct":70.9}}
,"/Users/sergio.sousa/Projects/person/tabletop-rpg/rolai/apps/web/src/cardFormat.ts": {"lines":{"total":78,"covered":58,"skipped":0,"pct":74.35},"functions":{"total":5,"covered":4,"skipped":0,"pct":80},"statements":{"total":78,"covered":58,"skipped":0,"pct":74.35},"branches":{"total":9,"covered":5,"skipped":0,"pct":55.55}}
,"/Users/sergio.sousa/Projects/person/tabletop-rpg/rolai/apps/web/src/cardScene3D.ts": {"lines":{"total":184,"covered":0,"skipped":0,"pct":0},"functions":{"total":1,"covered":0,"skipped":0,"pct":0},"statements":{"total":184,"covered":0,"skipped":0,"pct":0},"branches":{"total":1,"covered":0,"skipped":0,"pct":0}}
,"/Users/sergio.sousa/Projects/person/tabletop-rpg/rolai/apps/web/src/cardTexture.tsx": {"lines":{"total":71,"covered":0,"skipped":0,"pct":0},"functions":{"total":1,"covered":0,"skipped":0,"pct":0},"statements":{"total":71,"covered":0,"skipped":0,"pct":0},"branches":{"total":1,"covered":0,"skipped":0,"pct":0}}
,"/Users/sergio.sousa/Projects/person/tabletop-rpg/rolai/apps/web/src/catalog.ts": {"lines":{"total":16,"covered":0,"skipped":0,"pct":0},"functions":{"total":1,"covered":0,"skipped":0,"pct":0},"statements":{"total":16,"covered":0,"skipped":0,"pct":0},"branches":{"total":1,"covered":0,"skipped":0,"pct":0}}
,"/Users/sergio.sousa/Projects/person/tabletop-rpg/rolai/apps/web/src/changelog.ts": {"lines":{"total":117,"covered":117,"skipped":0,"pct":100},"functions":{"total":0,"covered":0,"skipped":0,"pct":100},"statements":{"total":117,"covered":117,"skipped":0,"pct":100},"branches":{"total":0,"covered":0,"skipped":0,"pct":100}}
,"/Users/sergio.sousa/Projects/person/tabletop-rpg/rolai/apps/web/src/composer.ts": {"lines":{"total":177,"covered":163,"skipped":0,"pct":92.09},"functions":{"total":14,"covered":14,"skipped":0,"pct":100},"statements":{"total":177,"covered":163,"skipped":0,"pct":92.09},"branches":{"total":97,"covered":84,"skipped":0,"pct":86.59}}
,"/Users/sergio.sousa/Projects/person/tabletop-rpg/rolai/apps/web/src/config.ts": {"lines":{"total":40,"covered":35,"skipped":0,"pct":87.5},"functions":{"total":5,"covered":4,"skipped":0,"pct":80},"statements":{"total":40,"covered":35,"skipped":0,"pct":87.5},"branches":{"total":16,"covered":14,"skipped":0,"pct":87.5}}
,"/Users/sergio.sousa/Projects/person/tabletop-rpg/rolai/apps/web/src/deckSound.ts": {"lines":{"total":90,"covered":18,"skipped":0,"pct":20},"functions":{"total":6,"covered":3,"skipped":0,"pct":50},"statements":{"total":90,"covered":18,"skipped":0,"pct":20},"branches":{"total":7,"covered":3,"skipped":0,"pct":42.85}}
,"/Users/sergio.sousa/Projects/person/tabletop-rpg/rolai/apps/web/src/format.ts": {"lines":{"total":198,"covered":116,"skipped":0,"pct":58.58},"functions":{"total":9,"covered":8,"skipped":0,"pct":88.88},"statements":{"total":198,"covered":116,"skipped":0,"pct":58.58},"branches":{"total":54,"covered":22,"skipped":0,"pct":40.74}}
,"/Users/sergio.sousa/Projects/person/tabletop-rpg/rolai/apps/web/src/headless.ts": {"lines":{"total":165,"covered":0,"skipped":0,"pct":0},"functions":{"total":1,"covered":0,"skipped":0,"pct":0},"statements":{"total":165,"covered":0,"skipped":0,"pct":0},"branches":{"total":1,"covered":0,"skipped":0,"pct":0}}
,"/Users/sergio.sousa/Projects/person/tabletop-rpg/rolai/apps/web/src/main.tsx": {"lines":{"total":12,"covered":0,"skipped":0,"pct":0},"functions":{"total":1,"covered":0,"skipped":0,"pct":0},"statements":{"total":12,"covered":0,"skipped":0,"pct":0},"branches":{"total":1,"covered":0,"skipped":0,"pct":0}}
,"/Users/sergio.sousa/Projects/person/tabletop-rpg/rolai/apps/web/src/outcomeTables.ts": {"lines":{"total":123,"covered":123,"skipped":0,"pct":100},"functions":{"total":0,"covered":0,"skipped":0,"pct":100},"statements":{"total":123,"covered":123,"skipped":0,"pct":100},"branches":{"total":0,"covered":0,"skipped":0,"pct":100}}
,"/Users/sergio.sousa/Projects/person/tabletop-rpg/rolai/apps/web/src/profileFamilies.ts": {"lines":{"total":40,"covered":40,"skipped":0,"pct":100},"functions":{"total":2,"covered":2,"skipped":0,"pct":100},"statements":{"total":40,"covered":40,"skipped":0,"pct":100},"branches":{"total":6,"covered":6,"skipped":0,"pct":100}}
,"/Users/sergio.sousa/Projects/person/tabletop-rpg/rolai/apps/web/src/profileInputQuirks.ts": {"lines":{"total":9,"covered":9,"skipped":0,"pct":100},"functions":{"total":1,"covered":1,"skipped":0,"pct":100},"statements":{"total":9,"covered":9,"skipped":0,"pct":100},"branches":{"total":8,"covered":7,"skipped":0,"pct":87.5}}
,"/Users/sergio.sousa/Projects/person/tabletop-rpg/rolai/apps/web/src/profiles.ts": {"lines":{"total":46,"covered":46,"skipped":0,"pct":100},"functions":{"total":4,"covered":4,"skipped":0,"pct":100},"statements":{"total":46,"covered":46,"skipped":0,"pct":100},"branches":{"total":11,"covered":9,"skipped":0,"pct":81.81}}
,"/Users/sergio.sousa/Projects/person/tabletop-rpg/rolai/apps/web/src/roll.ts": {"lines":{"total":40,"covered":38,"skipped":0,"pct":95},"functions":{"total":4,"covered":4,"skipped":0,"pct":100},"statements":{"total":40,"covered":38,"skipped":0,"pct":95},"branches":{"total":14,"covered":13,"skipped":0,"pct":92.85}}
,"/Users/sergio.sousa/Projects/person/tabletop-rpg/rolai/apps/web/src/rollCooldown.ts": {"lines":{"total":27,"covered":27,"skipped":0,"pct":100},"functions":{"total":1,"covered":1,"skipped":0,"pct":100},"statements":{"total":27,"covered":27,"skipped":0,"pct":100},"branches":{"total":9,"covered":9,"skipped":0,"pct":100}}
,"/Users/sergio.sousa/Projects/person/tabletop-rpg/rolai/apps/web/src/settings.ts": {"lines":{"total":369,"covered":367,"skipped":0,"pct":99.45},"functions":{"total":25,"covered":25,"skipped":0,"pct":100},"statements":{"total":369,"covered":367,"skipped":0,"pct":99.45},"branches":{"total":65,"covered":60,"skipped":0,"pct":92.3}}
,"/Users/sergio.sousa/Projects/person/tabletop-rpg/rolai/apps/web/src/stream.ts": {"lines":{"total":46,"covered":46,"skipped":0,"pct":100},"functions":{"total":3,"covered":3,"skipped":0,"pct":100},"statements":{"total":46,"covered":46,"skipped":0,"pct":100},"branches":{"total":29,"covered":29,"skipped":0,"pct":100}}
,"/Users/sergio.sousa/Projects/person/tabletop-rpg/rolai/apps/web/src/trophyPush.ts": {"lines":{"total":18,"covered":18,"skipped":0,"pct":100},"functions":{"total":2,"covered":2,"skipped":0,"pct":100},"statements":{"total":18,"covered":18,"skipped":0,"pct":100},"branches":{"total":10,"covered":5,"skipped":0,"pct":50}}
,"/Users/sergio.sousa/Projects/person/tabletop-rpg/rolai/apps/web/src/useOnline.ts": {"lines":{"total":16,"covered":16,"skipped":0,"pct":100},"functions":{"total":2,"covered":2,"skipped":0,"pct":100},"statements":{"total":16,"covered":16,"skipped":0,"pct":100},"branches":{"total":4,"covered":4,"skipped":0,"pct":100}}
,"/Users/sergio.sousa/Projects/person/tabletop-rpg/rolai/apps/web/src/yzePush.ts": {"lines":{"total":79,"covered":79,"skipped":0,"pct":100},"functions":{"total":6,"covered":6,"skipped":0,"pct":100},"statements":{"total":79,"covered":79,"skipped":0,"pct":100},"branches":{"total":19,"covered":17,"skipped":0,"pct":89.47}}
,"/Users/sergio.sousa/Projects/person/tabletop-rpg/rolai/apps/web/src/components/CardFlip.tsx": {"lines":{"total":20,"covered":20,"skipped":0,"pct":100},"functions":{"total":1,"covered":1,"skipped":0,"pct":100},"statements":{"total":20,"covered":20,"skipped":0,"pct":100},"branches":{"total":5,"covered":3,"skipped":0,"pct":60}}
,"/Users/sergio.sousa/Projects/person/tabletop-rpg/rolai/apps/web/src/components/CardStack.tsx": {"lines":{"total":52,"covered":37,"skipped":0,"pct":71.15},"functions":{"total":2,"covered":2,"skipped":0,"pct":100},"statements":{"total":52,"covered":37,"skipped":0,"pct":71.15},"branches":{"total":10,"covered":7,"skipped":0,"pct":70}}
,"/Users/sergio.sousa/Projects/person/tabletop-rpg/rolai/apps/web/src/components/CardStage3D.tsx": {"lines":{"total":30,"covered":2,"skipped":0,"pct":6.66},"functions":{"total":1,"covered":0,"skipped":0,"pct":0},"statements":{"total":30,"covered":2,"skipped":0,"pct":6.66},"branches":{"total":0,"covered":0,"skipped":0,"pct":100}}
,"/Users/sergio.sousa/Projects/person/tabletop-rpg/rolai/apps/web/src/components/ComposerBar.tsx": {"lines":{"total":100,"covered":97,"skipped":0,"pct":97},"functions":{"total":9,"covered":7,"skipped":0,"pct":77.77},"statements":{"total":100,"covered":97,"skipped":0,"pct":97},"branches":{"total":25,"covered":24,"skipped":0,"pct":96}}
,"/Users/sergio.sousa/Projects/person/tabletop-rpg/rolai/apps/web/src/components/DeckPanel.tsx": {"lines":{"total":75,"covered":71,"skipped":0,"pct":94.66},"functions":{"total":4,"covered":4,"skipped":0,"pct":100},"statements":{"total":75,"covered":71,"skipped":0,"pct":94.66},"branches":{"total":25,"covered":19,"skipped":0,"pct":76}}
,"/Users/sergio.sousa/Projects/person/tabletop-rpg/rolai/apps/web/src/components/DiceIcon.tsx": {"lines":{"total":76,"covered":76,"skipped":0,"pct":100},"functions":{"total":1,"covered":1,"skipped":0,"pct":100},"statements":{"total":76,"covered":76,"skipped":0,"pct":100},"branches":{"total":18,"covered":17,"skipped":0,"pct":94.44}}
,"/Users/sergio.sousa/Projects/person/tabletop-rpg/rolai/apps/web/src/components/Glyphs.tsx": {"lines":{"total":112,"covered":112,"skipped":0,"pct":100},"functions":{"total":12,"covered":12,"skipped":0,"pct":100},"statements":{"total":112,"covered":112,"skipped":0,"pct":100},"branches":{"total":12,"covered":12,"skipped":0,"pct":100}}
,"/Users/sergio.sousa/Projects/person/tabletop-rpg/rolai/apps/web/src/components/HistoryList.tsx": {"lines":{"total":162,"covered":104,"skipped":0,"pct":64.19},"functions":{"total":3,"covered":3,"skipped":0,"pct":100},"statements":{"total":162,"covered":104,"skipped":0,"pct":64.19},"branches":{"total":36,"covered":13,"skipped":0,"pct":36.11}}
,"/Users/sergio.sousa/Projects/person/tabletop-rpg/rolai/apps/web/src/components/LazyCardStage3D.tsx": {"lines":{"total":13,"covered":13,"skipped":0,"pct":100},"functions":{"total":3,"covered":3,"skipped":0,"pct":100},"statements":{"total":13,"covered":13,"skipped":0,"pct":100},"branches":{"total":3,"covered":3,"skipped":0,"pct":100}}
,"/Users/sergio.sousa/Projects/person/tabletop-rpg/rolai/apps/web/src/components/MenuBar.tsx": {"lines":{"total":91,"covered":72,"skipped":0,"pct":79.12},"functions":{"total":5,"covered":2,"skipped":0,"pct":40},"statements":{"total":91,"covered":72,"skipped":0,"pct":79.12},"branches":{"total":7,"covered":4,"skipped":0,"pct":57.14}}
,"/Users/sergio.sousa/Projects/person/tabletop-rpg/rolai/apps/web/src/components/Modal.tsx": {"lines":{"total":34,"covered":32,"skipped":0,"pct":94.11},"functions":{"total":3,"covered":2,"skipped":0,"pct":66.66},"statements":{"total":34,"covered":32,"skipped":0,"pct":94.11},"branches":{"total":7,"covered":6,"skipped":0,"pct":85.71}}
,"/Users/sergio.sousa/Projects/person/tabletop-rpg/rolai/apps/web/src/components/NotationHelp.tsx": {"lines":{"total":63,"covered":34,"skipped":0,"pct":53.96},"functions":{"total":2,"covered":0,"skipped":0,"pct":0},"statements":{"total":63,"covered":34,"skipped":0,"pct":53.96},"branches":{"total":1,"covered":1,"skipped":0,"pct":100}}
,"/Users/sergio.sousa/Projects/person/tabletop-rpg/rolai/apps/web/src/components/PlayerTag.tsx": {"lines":{"total":10,"covered":3,"skipped":0,"pct":30},"functions":{"total":1,"covered":1,"skipped":0,"pct":100},"statements":{"total":10,"covered":3,"skipped":0,"pct":30},"branches":{"total":2,"covered":1,"skipped":0,"pct":50}}
,"/Users/sergio.sousa/Projects/person/tabletop-rpg/rolai/apps/web/src/components/ResultDisplay.tsx": {"lines":{"total":224,"covered":138,"skipped":0,"pct":61.6},"functions":{"total":1,"covered":1,"skipped":0,"pct":100},"statements":{"total":224,"covered":138,"skipped":0,"pct":61.6},"branches":{"total":84,"covered":58,"skipped":0,"pct":69.04}}
,"/Users/sergio.sousa/Projects/person/tabletop-rpg/rolai/apps/web/src/components/RollPanel.tsx": {"lines":{"total":303,"covered":274,"skipped":0,"pct":90.42},"functions":{"total":17,"covered":16,"skipped":0,"pct":94.11},"statements":{"total":303,"covered":274,"skipped":0,"pct":90.42},"branches":{"total":94,"covered":80,"skipped":0,"pct":85.1}}
,"/Users/sergio.sousa/Projects/person/tabletop-rpg/rolai/apps/web/src/components/RoomPanel.tsx": {"lines":{"total":164,"covered":134,"skipped":0,"pct":81.7},"functions":{"total":12,"covered":1,"skipped":0,"pct":8.33},"statements":{"total":164,"covered":134,"skipped":0,"pct":81.7},"branches":{"total":6,"covered":1,"skipped":0,"pct":16.66}}
,"/Users/sergio.sousa/Projects/person/tabletop-rpg/rolai/apps/web/src/components/RosterCard.tsx": {"lines":{"total":27,"covered":10,"skipped":0,"pct":37.03},"functions":{"total":1,"covered":1,"skipped":0,"pct":100},"statements":{"total":27,"covered":10,"skipped":0,"pct":37.03},"branches":{"total":2,"covered":1,"skipped":0,"pct":50}}
,"/Users/sergio.sousa/Projects/person/tabletop-rpg/rolai/apps/web/src/components/SettingsPanel.tsx": {"lines":{"total":317,"covered":292,"skipped":0,"pct":92.11},"functions":{"total":21,"covered":5,"skipped":0,"pct":23.8},"statements":{"total":317,"covered":292,"skipped":0,"pct":92.11},"branches":{"total":49,"covered":39,"skipped":0,"pct":79.59}}
,"/Users/sergio.sousa/Projects/person/tabletop-rpg/rolai/apps/web/src/components/StepperInput.tsx": {"lines":{"total":40,"covered":40,"skipped":0,"pct":100},"functions":{"total":6,"covered":6,"skipped":0,"pct":100},"statements":{"total":40,"covered":40,"skipped":0,"pct":100},"branches":{"total":9,"covered":8,"skipped":0,"pct":88.88}}
,"/Users/sergio.sousa/Projects/person/tabletop-rpg/rolai/apps/web/src/renderers/css2d.ts": {"lines":{"total":69,"covered":5,"skipped":0,"pct":7.24},"functions":{"total":1,"covered":0,"skipped":0,"pct":0},"statements":{"total":69,"covered":5,"skipped":0,"pct":7.24},"branches":{"total":0,"covered":0,"skipped":0,"pct":100}}
,"/Users/sergio.sousa/Projects/person/tabletop-rpg/rolai/apps/web/src/renderers/diceBox.ts": {"lines":{"total":492,"covered":198,"skipped":0,"pct":40.24},"functions":{"total":28,"covered":15,"skipped":0,"pct":53.57},"statements":{"total":492,"covered":198,"skipped":0,"pct":40.24},"branches":{"total":66,"covered":54,"skipped":0,"pct":81.81}}
,"/Users/sergio.sousa/Projects/person/tabletop-rpg/rolai/apps/web/src/renderers/index.ts": {"lines":{"total":35,"covered":33,"skipped":0,"pct":94.28},"functions":{"total":2,"covered":2,"skipped":0,"pct":100},"statements":{"total":35,"covered":33,"skipped":0,"pct":94.28},"branches":{"total":5,"covered":2,"skipped":0,"pct":40}}
,"/Users/sergio.sousa/Projects/person/tabletop-rpg/rolai/apps/web/src/renderers/text.ts": {"lines":{"total":24,"covered":13,"skipped":0,"pct":54.16},"functions":{"total":5,"covered":3,"skipped":0,"pct":60},"statements":{"total":24,"covered":13,"skipped":0,"pct":54.16},"branches":{"total":3,"covered":3,"skipped":0,"pct":100}}
,"/Users/sergio.sousa/Projects/person/tabletop-rpg/rolai/apps/web/src/renderers/types.ts": {"lines":{"total":93,"covered":85,"skipped":0,"pct":91.39},"functions":{"total":6,"covered":6,"skipped":0,"pct":100},"statements":{"total":93,"covered":85,"skipped":0,"pct":91.39},"branches":{"total":47,"covered":38,"skipped":0,"pct":80.85}}
,"/Users/sergio.sousa/Projects/person/tabletop-rpg/rolai/apps/web/src/room/client.ts": {"lines":{"total":245,"covered":214,"skipped":0,"pct":87.34},"functions":{"total":20,"covered":18,"skipped":0,"pct":90},"statements":{"total":245,"covered":214,"skipped":0,"pct":87.34},"branches":{"total":78,"covered":59,"skipped":0,"pct":75.64}}
,"/Users/sergio.sousa/Projects/person/tabletop-rpg/rolai/apps/web/src/room/code.ts": {"lines":{"total":18,"covered":18,"skipped":0,"pct":100},"functions":{"total":1,"covered":1,"skipped":0,"pct":100},"statements":{"total":18,"covered":18,"skipped":0,"pct":100},"branches":{"total":11,"covered":10,"skipped":0,"pct":90.9}}
,"/Users/sergio.sousa/Projects/person/tabletop-rpg/rolai/apps/web/src/room/echo.ts": {"lines":{"total":36,"covered":28,"skipped":0,"pct":77.77},"functions":{"total":8,"covered":6,"skipped":0,"pct":75},"statements":{"total":36,"covered":28,"skipped":0,"pct":77.77},"branches":{"total":14,"covered":13,"skipped":0,"pct":92.85}}
,"/Users/sergio.sousa/Projects/person/tabletop-rpg/rolai/apps/web/src/room/reducer.ts": {"lines":{"total":50,"covered":50,"skipped":0,"pct":100},"functions":{"total":1,"covered":1,"skipped":0,"pct":100},"statements":{"total":50,"covered":50,"skipped":0,"pct":100},"branches":{"total":20,"covered":16,"skipped":0,"pct":80}}
,"/Users/sergio.sousa/Projects/person/tabletop-rpg/rolai/apps/web/src/room/useRoomSession.ts": {"lines":{"total":212,"covered":195,"skipped":0,"pct":91.98},"functions":{"total":3,"covered":3,"skipped":0,"pct":100},"statements":{"total":212,"covered":195,"skipped":0,"pct":91.98},"branches":{"total":46,"covered":41,"skipped":0,"pct":89.13}}
,"/Users/sergio.sousa/Projects/person/tabletop-rpg/rolai/apps/web/src/stage/floor.ts": {"lines":{"total":42,"covered":42,"skipped":0,"pct":100},"functions":{"total":3,"covered":3,"skipped":0,"pct":100},"statements":{"total":42,"covered":42,"skipped":0,"pct":100},"branches":{"total":18,"covered":17,"skipped":0,"pct":94.44}}
}
